<?xml version="1.0" encoding="UTF-8"?>
<!-- Generated by org.testng.reporters.JUnitXMLReporter -->
<testsuite ignored="0" hostname="DESKTOP-9HB2MMB" failures="0" tests="4" name="Default test" time="2.118" errors="0" timestamp="2022-10-03T14:34:33 IST">
  <testcase classname="com.edvora.TestingAssessment.TestCases.TC_LoginTest_002" name="printLoginData" time="0.034"/>
  <testcase classname="com.edvora.TestingAssessment.TestCases.TC_LoginTest_002" name="printLoginData" time="0.008"/>
  <testcase classname="com.edvora.TestingAssessment.TestCases.TC_LoginTest_002" name="printLoginData" time="0.009"/>
  <testcase classname="com.edvora.TestingAssessment.TestCases.TC_LoginTest_002" name="printLoginData" time="0.007"/>
</testsuite> <!-- Default test -->
