<?xml version="1.0" encoding="UTF-8"?>
<!-- Generated by org.testng.reporters.JUnitXMLReporter -->
<testsuite ignored="0" hostname="DESKTOP-9HB2MMB" failures="0" tests="8" name="Test2" time="120.234" errors="0" timestamp="2022-10-03T17:57:31 IST">
  <testcase classname="com.edvora.TestingAssessment.TestCases.TC_LoginTest_002" name="LoginTest" time="14.495"/>
  <testcase classname="com.edvora.TestingAssessment.TestCases.TC_LoginTest_002" name="LoginTest" time="10.681"/>
  <testcase classname="com.edvora.TestingAssessment.TestCases.TC_LoginTest_002" name="LoginTest" time="11.162"/>
  <testcase classname="com.edvora.TestingAssessment.TestCases.TC_LoginTest_002" name="LoginTest" time="10.86"/>
  <testcase classname="com.edvora.TestingAssessment.TestCases.TC_LoginTest_002" name="LoginTest" time="10.015"/>
  <testcase classname="com.edvora.TestingAssessment.TestCases.TC_LoginTest_002" name="LoginTest" time="11.166"/>
  <testcase classname="com.edvora.TestingAssessment.TestCases.TC_LoginTest_002" name="LoginTest" time="11.643"/>
  <testcase classname="com.edvora.TestingAssessment.TestCases.TC_LoginTest_002" name="LoginTest" time="10.202"/>
</testsuite> <!-- Test2 -->
