<?xml version="1.0" encoding="UTF-8"?>
<!-- Generated by org.testng.reporters.JUnitXMLReporter -->
<testsuite ignored="0" hostname="DESKTOP-9HB2MMB" failures="1" tests="1" name="Test3" time="59.288" errors="0" timestamp="2022-10-04T11:13:55 IST">
  <testcase classname="com.edvora.TestingAssessment.TestCases.TC_VerifyProfileEditTest_003" name="ProfileEdit" time="14.679">
    <failure type="java.lang.AssertionError" message="expected [true] but found [false]">
      <![CDATA[java.lang.AssertionError: expected [true] but found [false]
at com.edvora.TestingAssessment.TestCases.TC_VerifyProfileEditTest_003.ProfileEdit(TC_VerifyProfileEditTest_003.java:59)
at java.base/java.util.ArrayList.forEach(ArrayList.java:1511)
... Removed 29 stack frames]]>
    </failure>
  </testcase> <!-- ProfileEdit -->
</testsuite> <!-- Test3 -->
