<?xml version="1.0" encoding="UTF-8"?>
<!-- Generated by org.testng.reporters.JUnitXMLReporter -->
<testsuite ignored="0" hostname="DESKTOP-9HB2MMB" failures="0" tests="8" name="Test2" time="71.371" errors="0" timestamp="2022-10-04T10:18:23 IST">
  <testcase classname="com.edvora.TestingAssessment.TestCases.TC_LoginTest_002" name="LoginTest" time="8.887"/>
  <testcase classname="com.edvora.TestingAssessment.TestCases.TC_LoginTest_002" name="LoginTest" time="6.152"/>
  <testcase classname="com.edvora.TestingAssessment.TestCases.TC_LoginTest_002" name="LoginTest" time="7.054"/>
  <testcase classname="com.edvora.TestingAssessment.TestCases.TC_LoginTest_002" name="LoginTest" time="6.684"/>
  <testcase classname="com.edvora.TestingAssessment.TestCases.TC_LoginTest_002" name="LoginTest" time="5.834"/>
  <testcase classname="com.edvora.TestingAssessment.TestCases.TC_LoginTest_002" name="LoginTest" time="5.931"/>
  <testcase classname="com.edvora.TestingAssessment.TestCases.TC_LoginTest_002" name="LoginTest" time="5.908"/>
  <testcase classname="com.edvora.TestingAssessment.TestCases.TC_LoginTest_002" name="LoginTest" time="5.629"/>
</testsuite> <!-- Test2 -->
