<?xml version="1.0" encoding="UTF-8"?>
<!-- Generated by org.testng.reporters.JUnitXMLReporter -->
<testsuite ignored="0" hostname="DESKTOP-9HB2MMB" failures="3" tests="3" name="Test1" time="53.916" errors="0" timestamp="2022-10-04T10:17:12 IST">
  <testcase classname="com.edvora.TestingAssessment.TestCases.TC_RegistrationTest_001" name="Registration" time="4.947">
    <failure type="org.openqa.selenium.StaleElementReferenceException" message="stale element reference: element is not attached to the page document
  (Session info: chrome=106.0.5249.62)
For documentation on this error, please visit: https://selenium.dev/exceptions/#stale_element_reference
Build info: version: &amp;apos;4.3.0&amp;apos;, revision: &amp;apos;a4995e2c09*&amp;apos;
System info: host: &amp;apos;DESKTOP-9HB2MMB&amp;apos;, ip: &amp;apos;192.168.94.144&amp;apos;, os.name: &amp;apos;Windows 10&amp;apos;, os.arch: &amp;apos;amd64&amp;apos;, os.version: &amp;apos;10.0&amp;apos;, java.version: &amp;apos;18.0.1.1&amp;apos;
Driver info: org.openqa.selenium.chrome.ChromeDriver
Command: [300d564d8006e407c6bdaa836ca5f7d0, sendKeysToElement {id=4e2010dc-b374-4b7a-9b35-a5dbb747cae7, value=[Ljava.lang.CharSequence;@1acb74ad}]
Capabilities {acceptInsecureCerts: false, browserName: chrome, browserVersion: 106.0.5249.62, chrome: {chromedriverVersion: 106.0.5249.61 (511755355844..., userDataDir: C:\Users\SWAPNIL\AppData\Lo...}, goog:chromeOptions: {debuggerAddress: localhost:58560}, networkConnectionEnabled: false, pageLoadStrategy: normal, platformName: WINDOWS, proxy: Proxy(), se:cdp: ws://localhost:58560/devtoo..., se:cdpVersion: 106.0.5249.62, setWindowRect: true, strictFileInteractability: false, timeouts: {implicit: 0, pageLoad: 300000, script: 30000}, unhandledPromptBehavior: dismiss and notify, webauthn:extension:credBlob: true, webauthn:extension:largeBlob: true, webauthn:virtualAuthenticators: true}
Element: [[ChromeDriver: chrome on WINDOWS (300d564d8006e407c6bdaa836ca5f7d0)] -&amp;gt; xpath: //input[@autocomplete=&amp;apos;username&amp;apos;]]
Session ID: 300d564d8006e407c6bdaa836ca5f7d0">
      <![CDATA[org.openqa.selenium.StaleElementReferenceException: stale element reference: element is not attached to the page document
  (Session info: chrome=106.0.5249.62)
For documentation on this error, please visit: https://selenium.dev/exceptions/#stale_element_reference
Build info: version: '4.3.0', revision: 'a4995e2c09*'
System info: host: 'DESKTOP-9HB2MMB', ip: '192.168.94.144', os.name: 'Windows 10', os.arch: 'amd64', os.version: '10.0', java.version: '18.0.1.1'
Driver info: org.openqa.selenium.chrome.ChromeDriver
Command: [300d564d8006e407c6bdaa836ca5f7d0, sendKeysToElement {id=4e2010dc-b374-4b7a-9b35-a5dbb747cae7, value=[Ljava.lang.CharSequence;@1acb74ad}]
Capabilities {acceptInsecureCerts: false, browserName: chrome, browserVersion: 106.0.5249.62, chrome: {chromedriverVersion: 106.0.5249.61 (511755355844..., userDataDir: C:\Users\SWAPNIL\AppData\Lo...}, goog:chromeOptions: {debuggerAddress: localhost:58560}, networkConnectionEnabled: false, pageLoadStrategy: normal, platformName: WINDOWS, proxy: Proxy(), se:cdp: ws://localhost:58560/devtoo..., se:cdpVersion: 106.0.5249.62, setWindowRect: true, strictFileInteractability: false, timeouts: {implicit: 0, pageLoad: 300000, script: 30000}, unhandledPromptBehavior: dismiss and notify, webauthn:extension:credBlob: true, webauthn:extension:largeBlob: true, webauthn:virtualAuthenticators: true}
Element: [[ChromeDriver: chrome on WINDOWS (300d564d8006e407c6bdaa836ca5f7d0)] -> xpath: //input[@autocomplete='username']]
Session ID: 300d564d8006e407c6bdaa836ca5f7d0
at org.openqa.selenium.remote.codec.w3c.W3CHttpResponseCodec.createException(W3CHttpResponseCodec.java:200)
at org.openqa.selenium.remote.codec.w3c.W3CHttpResponseCodec.decode(W3CHttpResponseCodec.java:133)
at org.openqa.selenium.remote.codec.w3c.W3CHttpResponseCodec.decode(W3CHttpResponseCodec.java:53)
at org.openqa.selenium.remote.HttpCommandExecutor.execute(HttpCommandExecutor.java:184)
at org.openqa.selenium.remote.service.DriverCommandExecutor.invokeExecute(DriverCommandExecutor.java:167)
at org.openqa.selenium.remote.service.DriverCommandExecutor.execute(DriverCommandExecutor.java:142)
at org.openqa.selenium.remote.RemoteWebDriver.execute(RemoteWebDriver.java:569)
at org.openqa.selenium.remote.RemoteWebElement.execute(RemoteWebElement.java:257)
at org.openqa.selenium.remote.RemoteWebElement.sendKeys(RemoteWebElement.java:113)
at org.openqa.selenium.support.pagefactory.internal.LocatingElementHandler.invoke(LocatingElementHandler.java:52)
at jdk.proxy2/jdk.proxy2.$Proxy19.sendKeys(Unknown Source)
at com.edvora.TestingAssessment.Pages.RegistrationPage.EnterUsername(RegistrationPage.java:34)
at com.edvora.TestingAssessment.TestCases.TC_RegistrationTest_001.Registration(TC_RegistrationTest_001.java:62)
at java.base/java.util.ArrayList.forEach(ArrayList.java:1511)
... Removed 30 stack frames]]>
    </failure>
  </testcase> <!-- Registration -->
  <testcase classname="com.edvora.TestingAssessment.TestCases.TC_RegistrationTest_001" name="Registration" time="6.874">
    <failure type="java.lang.AssertionError" message="expected [true] but found [false]">
      <![CDATA[java.lang.AssertionError: expected [true] but found [false]
at com.edvora.TestingAssessment.TestCases.TC_RegistrationTest_001.Registration(TC_RegistrationTest_001.java:78)
at java.base/java.util.ArrayList.forEach(ArrayList.java:1511)
... Removed 29 stack frames]]>
    </failure>
  </testcase> <!-- Registration -->
  <testcase classname="com.edvora.TestingAssessment.TestCases.TC_RegistrationTest_001" name="Registration" time="21.113">
    <failure type="org.openqa.selenium.UnhandledAlertException" message="unexpected alert open: {Alert text : Account sucessfully created.}
  (Session info: chrome=106.0.5249.62): Account sucessfully created.
Build info: version: &amp;apos;4.3.0&amp;apos;, revision: &amp;apos;a4995e2c09*&amp;apos;
System info: host: &amp;apos;DESKTOP-9HB2MMB&amp;apos;, ip: &amp;apos;192.168.94.144&amp;apos;, os.name: &amp;apos;Windows 10&amp;apos;, os.arch: &amp;apos;amd64&amp;apos;, os.version: &amp;apos;10.0&amp;apos;, java.version: &amp;apos;18.0.1.1&amp;apos;
Driver info: org.openqa.selenium.chrome.ChromeDriver
Command: [300d564d8006e407c6bdaa836ca5f7d0, screenshot {}]
Capabilities {acceptInsecureCerts: false, browserName: chrome, browserVersion: 106.0.5249.62, chrome: {chromedriverVersion: 106.0.5249.61 (511755355844..., userDataDir: C:\Users\SWAPNIL\AppData\Lo...}, goog:chromeOptions: {debuggerAddress: localhost:58560}, networkConnectionEnabled: false, pageLoadStrategy: normal, platformName: WINDOWS, proxy: Proxy(), se:cdp: ws://localhost:58560/devtoo..., se:cdpVersion: 106.0.5249.62, setWindowRect: true, strictFileInteractability: false, timeouts: {implicit: 0, pageLoad: 300000, script: 30000}, unhandledPromptBehavior: dismiss and notify, webauthn:extension:credBlob: true, webauthn:extension:largeBlob: true, webauthn:virtualAuthenticators: true}
Session ID: 300d564d8006e407c6bdaa836ca5f7d0">
      <![CDATA[org.openqa.selenium.UnhandledAlertException: unexpected alert open: {Alert text : Account sucessfully created.}
  (Session info: chrome=106.0.5249.62): Account sucessfully created.
Build info: version: '4.3.0', revision: 'a4995e2c09*'
System info: host: 'DESKTOP-9HB2MMB', ip: '192.168.94.144', os.name: 'Windows 10', os.arch: 'amd64', os.version: '10.0', java.version: '18.0.1.1'
Driver info: org.openqa.selenium.chrome.ChromeDriver
Command: [300d564d8006e407c6bdaa836ca5f7d0, screenshot {}]
Capabilities {acceptInsecureCerts: false, browserName: chrome, browserVersion: 106.0.5249.62, chrome: {chromedriverVersion: 106.0.5249.61 (511755355844..., userDataDir: C:\Users\SWAPNIL\AppData\Lo...}, goog:chromeOptions: {debuggerAddress: localhost:58560}, networkConnectionEnabled: false, pageLoadStrategy: normal, platformName: WINDOWS, proxy: Proxy(), se:cdp: ws://localhost:58560/devtoo..., se:cdpVersion: 106.0.5249.62, setWindowRect: true, strictFileInteractability: false, timeouts: {implicit: 0, pageLoad: 300000, script: 30000}, unhandledPromptBehavior: dismiss and notify, webauthn:extension:credBlob: true, webauthn:extension:largeBlob: true, webauthn:virtualAuthenticators: true}
Session ID: 300d564d8006e407c6bdaa836ca5f7d0
at org.openqa.selenium.remote.codec.w3c.W3CHttpResponseCodec.decode(W3CHttpResponseCodec.java:131)
at org.openqa.selenium.remote.codec.w3c.W3CHttpResponseCodec.decode(W3CHttpResponseCodec.java:53)
at org.openqa.selenium.remote.HttpCommandExecutor.execute(HttpCommandExecutor.java:184)
at org.openqa.selenium.remote.service.DriverCommandExecutor.invokeExecute(DriverCommandExecutor.java:167)
at org.openqa.selenium.remote.service.DriverCommandExecutor.execute(DriverCommandExecutor.java:142)
at org.openqa.selenium.remote.RemoteWebDriver.execute(RemoteWebDriver.java:569)
at org.openqa.selenium.remote.RemoteWebDriver.execute(RemoteWebDriver.java:624)
at org.openqa.selenium.remote.RemoteWebDriver.execute(RemoteWebDriver.java:628)
at org.openqa.selenium.remote.RemoteWebDriver.getScreenshotAs(RemoteWebDriver.java:353)
at com.edvora.TestingAssessment.TestCases.BaseClass.takeScreenshot(BaseClass.java:69)
at com.edvora.TestingAssessment.Utilities.Reporting.onTestFailure(Reporting.java:30)
at java.base/java.util.ArrayList.forEach(ArrayList.java:1511)
... Removed 24 stack frames]]>
    </failure>
  </testcase> <!-- Registration -->
</testsuite> <!-- Test1 -->
